<?xml version="1.0" encoding="UTF-8"?>
<!-- Generated by org.testng.reporters.JUnitXMLReporter -->
<testsuite hostname="DESKTOP-NASGHBL" ignored="0" name="Default test" tests="10" failures="0" timestamp="29 Sep 2017 22:17:47 GMT" time="5.971" errors="0">
  <testcase name="getRequest" time="1.388" classname="RESTAPI_test.TalentScreenApi"/>
  <testcase name="postRequest" time="0.781" classname="RESTAPI_test.TalentScreenApi"/>
  <testcase name="postRequest" time="0.269" classname="RESTAPI_test.TalentScreenApi"/>
  <testcase name="postRequest" time="0.262" classname="RESTAPI_test.TalentScreenApi"/>
  <testcase name="postRequest" time="0.265" classname="RESTAPI_test.TalentScreenApi"/>
  <testcase name="putRequest" time="0.258" classname="RESTAPI_test.TalentScreenApi"/>
  <testcase name="putRequest" time="0.257" classname="RESTAPI_test.TalentScreenApi"/>
  <testcase name="putRequest" time="0.252" classname="RESTAPI_test.TalentScreenApi"/>
  <testcase name="putRequest" time="0.258" classname="RESTAPI_test.TalentScreenApi"/>
  <testcase name="deleteRequest" time="1.011" classname="RESTAPI_test.TalentScreenApi"/>
</testsuite> <!-- Default test -->
