<?xml version="1.0" encoding="UTF-8"?>
<testng-results skipped="0" failed="0" ignored="0" total="10" passed="10">
  <reporter-output>
  </reporter-output>
  <suite name="Default suite" duration-ms="5971" started-at="2017-09-29T22:17:41Z" finished-at="2017-09-29T22:17:47Z">
    <groups>
    </groups>
    <test name="Default test" duration-ms="5971" started-at="2017-09-29T22:17:41Z" finished-at="2017-09-29T22:17:47Z">
      <class name="RESTAPI_test.TalentScreenApi">
        <test-method status="PASS" signature="beforeClass()[pri:0, instance:RESTAPI_test.TalentScreenApi@4cc0edeb]" name="beforeClass" is-config="true" duration-ms="840" started-at="2017-09-29T15:17:41Z" finished-at="2017-09-29T15:17:42Z">
          <reporter-output>
          </reporter-output>
        </test-method> <!-- beforeClass -->
        <test-method status="PASS" signature="getRequest()[pri:0, instance:RESTAPI_test.TalentScreenApi@4cc0edeb]" name="getRequest" duration-ms="1388" started-at="2017-09-29T15:17:42Z" finished-at="2017-09-29T15:17:43Z">
          <reporter-output>
          </reporter-output>
        </test-method> <!-- getRequest -->
        <test-method status="PASS" signature="postRequest(java.lang.String)[pri:2, instance:RESTAPI_test.TalentScreenApi@4cc0edeb]" name="postRequest" duration-ms="781" started-at="2017-09-29T15:17:43Z" data-provider="PostRequest" finished-at="2017-09-29T15:17:44Z">
          <params>
            <param index="0">
              <value>
                <![CDATA[{"name":"WorldOfJava","description":"Java is programming language","icon_class":"ts-java programming","categoryid":1}]]>
              </value>
            </param>
          </params>
          <reporter-output>
          </reporter-output>
        </test-method> <!-- postRequest -->
        <test-method status="PASS" signature="postRequest(java.lang.String)[pri:2, instance:RESTAPI_test.TalentScreenApi@4cc0edeb]" name="postRequest" duration-ms="269" started-at="2017-09-29T15:17:44Z" data-provider="PostRequest" finished-at="2017-09-29T15:17:44Z">
          <params>
            <param index="0">
              <value>
                <![CDATA[{"name":"Using Java for API ","description":"Java is programming language","icon_class":"ts-java programming","categoryid":1}]]>
              </value>
            </param>
          </params>
          <reporter-output>
          </reporter-output>
        </test-method> <!-- postRequest -->
        <test-method status="PASS" signature="postRequest(java.lang.String)[pri:2, instance:RESTAPI_test.TalentScreenApi@4cc0edeb]" name="postRequest" duration-ms="262" started-at="2017-09-29T15:17:44Z" data-provider="PostRequest" finished-at="2017-09-29T15:17:45Z">
          <params>
            <param index="0">
              <value>
                <![CDATA[{"name":"WorldOfApi","description":"Java is programming language","icon_class":"ts-java programming","categoryid":1}]]>
              </value>
            </param>
          </params>
          <reporter-output>
          </reporter-output>
        </test-method> <!-- postRequest -->
        <test-method status="PASS" signature="postRequest(java.lang.String)[pri:2, instance:RESTAPI_test.TalentScreenApi@4cc0edeb]" name="postRequest" duration-ms="265" started-at="2017-09-29T15:17:45Z" data-provider="PostRequest" finished-at="2017-09-29T15:17:45Z">
          <params>
            <param index="0">
              <value>
                <![CDATA[{"name":"API ","description":"Java is programming language","icon_class":"ts-java programming","categoryid":1}]]>
              </value>
            </param>
          </params>
          <reporter-output>
          </reporter-output>
        </test-method> <!-- postRequest -->
        <test-method status="PASS" signature="putRequest(java.lang.String)[pri:3, instance:RESTAPI_test.TalentScreenApi@4cc0edeb]" name="putRequest" duration-ms="258" started-at="2017-09-29T15:17:45Z" data-provider="PutRequest" finished-at="2017-09-29T15:17:45Z">
          <params>
            <param index="0">
              <value>
                <![CDATA[{"name":"Learn_Java","description":"Java is programming language","icon_class":"ts-java programming","categoryid":1}]]>
              </value>
            </param>
          </params>
          <reporter-output>
          </reporter-output>
        </test-method> <!-- putRequest -->
        <test-method status="PASS" signature="putRequest(java.lang.String)[pri:3, instance:RESTAPI_test.TalentScreenApi@4cc0edeb]" name="putRequest" duration-ms="257" started-at="2017-09-29T15:17:45Z" data-provider="PutRequest" finished-at="2017-09-29T15:17:45Z">
          <params>
            <param index="0">
              <value>
                <![CDATA[{"name":"Learn_API","description":"Java is programming language","icon_class":"ts-java programming","categoryid":1}]]>
              </value>
            </param>
          </params>
          <reporter-output>
          </reporter-output>
        </test-method> <!-- putRequest -->
        <test-method status="PASS" signature="putRequest(java.lang.String)[pri:3, instance:RESTAPI_test.TalentScreenApi@4cc0edeb]" name="putRequest" duration-ms="252" started-at="2017-09-29T15:17:45Z" data-provider="PutRequest" finished-at="2017-09-29T15:17:46Z">
          <params>
            <param index="0">
              <value>
                <![CDATA[{"name":"Using httpclient","description":"Java is programming language","icon_class":"ts-java programming","categoryid":1}]]>
              </value>
            </param>
          </params>
          <reporter-output>
          </reporter-output>
        </test-method> <!-- putRequest -->
        <test-method status="PASS" signature="putRequest(java.lang.String)[pri:3, instance:RESTAPI_test.TalentScreenApi@4cc0edeb]" name="putRequest" duration-ms="258" started-at="2017-09-29T15:17:46Z" data-provider="PutRequest" finished-at="2017-09-29T15:17:46Z">
          <params>
            <param index="0">
              <value>
                <![CDATA[{"name":"Using postman tool","description":"Java is programming language","icon_class":"ts-java programming","categoryid":1}]]>
              </value>
            </param>
          </params>
          <reporter-output>
          </reporter-output>
        </test-method> <!-- putRequest -->
        <test-method status="PASS" signature="deleteRequest()[pri:4, instance:RESTAPI_test.TalentScreenApi@4cc0edeb]" name="deleteRequest" duration-ms="1011" started-at="2017-09-29T15:17:46Z" finished-at="2017-09-29T15:17:47Z">
          <reporter-output>
          </reporter-output>
        </test-method> <!-- deleteRequest -->
      </class> <!-- RESTAPI_test.TalentScreenApi -->
    </test> <!-- Default test -->
  </suite> <!-- Default suite -->
</testng-results>
